2021-01-06 15:21:45,747 - INFO - MIRISim version: 2.3.0
2021-01-06 15:21:45,748 - INFO - MIRI Simulation started.
2021-01-06 15:21:45,748 - INFO - Output will be saved to: 20210106_152145_mirisim
2021-01-06 15:21:45,749 - INFO - Storing configs in output directory.
2021-01-06 15:21:46,448 - INFO - Reading cosmic ray properties from parameter file /opt/anaconda3/envs/mirisim/lib/python3.7/site-packages/miri/simulators/scasim/cosmic_ray_properties.py
2021-01-06 15:21:46,456 - INFO - Reading detector properties from parameter file /opt/anaconda3/envs/mirisim/lib/python3.7/site-packages/miri/simulators/scasim/detector_properties.py
2021-01-06 15:21:46,526 - INFO - Storing dither pattern in output directory.
2021-01-06 15:21:46,527 - WARNING - Environment variable CDP_DIR is not set. Will look up / store CDP files at ./CDP
2021-01-06 15:21:46,528 - INFO - Setting up simulated Observation, with following settings:
2021-01-06 15:21:46,529 - INFO - Configuration Path: MRS_2LONG
2021-01-06 15:21:46,529 - INFO - Primary optical path: MRS
2021-01-06 15:21:46,530 - INFO - MRS detector: SW
2021-01-06 15:21:46,530 - INFO - MRS band: LONG
2021-01-06 15:21:46,531 - INFO - MRS detector readout mode: FAST
2021-01-06 15:21:46,532 - INFO - MRS detector # exposures: 2
2021-01-06 15:21:46,532 - INFO - MRS detector # integrations: 10
2021-01-06 15:21:46,533 - INFO - MRS detector # frames: 10
2021-01-06 15:21:46,534 - INFO - Parsing: input fits
2021-01-06 15:21:46,534 - INFO - Initializing Skycube
2021-01-06 15:21:46,535 - INFO - Loading external scene from FITS run_scene.fits
2021-01-06 15:21:46,699 - INFO - Aligning the centre of the fits file with the centre of the scene
2021-01-06 15:21:46,701 - INFO - Simulating a single pointing.
2021-01-06 15:21:50,591 - INFO - Reading 'DISTORTION' model from './CDP/MIRI_FM_MIRIFUSHORT_12SHORT_DISTORTION_8B.05.01.fits'
2021-01-06 15:21:51,977 - INFO - Creating pointing for position 1
2021-01-06 15:21:51,978 - INFO - Creating exposure event for position 1
2021-01-06 15:21:51,980 - INFO - Reading 'DISTORTION' model from './CDP/MIRI_FM_MIRIFUSHORT_12LONG_DISTORTION_8B.05.01.fits'
2021-01-06 15:21:52,401 - INFO - Observation simulation started.
2021-01-06 15:21:52,402 - INFO - Simulating ExposureEvent for pointing 1
2021-01-06 15:21:52,403 - INFO - Simulating MRS exposures for pointing 1
2021-01-06 15:21:52,403 - INFO - Creating skycubes for MRS exposures for pointing 1
2021-01-06 15:21:52,405 - INFO - Reading 'DISTORTION' model from './CDP/MIRI_FM_MIRIFUSHORT_12LONG_DISTORTION_8B.05.01.fits'
2021-01-06 15:21:52,783 - INFO - Reading 'DISTORTION' model from './CDP/MIRI_FM_MIRIFUSHORT_12LONG_DISTORTION_8B.05.01.fits'
2021-01-06 15:21:53,188 - WARNING - All requested RA, DEC, WAV points undefined (out of range) in SkyCube
2021-01-06 15:21:53,189 - INFO - Requested RA min: -2.461632, max: 1.988616
2021-01-06 15:21:53,191 - INFO - Requested DEC min: -1.344955, max: 2.719392
2021-01-06 15:21:53,192 - INFO - Requested WAV min: 6.360649, max: 7.550243 (in 1050 bins)
2021-01-06 15:21:53,192 - INFO - Downsampling spectral columns of 3721 pixels. This may take long.
2021-01-06 15:21:56,905 - INFO - 3D downsampling took 3.7 seconds
2021-01-06 15:21:56,906 - INFO - Final helper interpolation...
2021-01-06 15:21:57,004 - INFO - All done
2021-01-06 15:21:57,038 - INFO - Reading 'PSF' model from './CDP/MIRI_FM_MIRIFUSHORT_1LONG_PSF_07.02.00.fits'
2021-01-06 15:22:05,650 - INFO - Wrote skycube: 20210106_152145_mirisim/skycubes/skycube_seq1_1LONG.fits
2021-01-06 15:22:05,652 - INFO - Reading 'DISTORTION' model from './CDP/MIRI_FM_MIRIFUSHORT_12LONG_DISTORTION_8B.05.01.fits'
2021-01-06 15:22:06,028 - INFO - Downsampling spectral columns of 3721 pixels. This may take long.
2021-01-06 15:22:09,315 - INFO - 3D downsampling took 3.3 seconds
2021-01-06 15:22:09,316 - INFO - Final helper interpolation...
2021-01-06 15:22:09,419 - INFO - All done
2021-01-06 15:22:09,450 - INFO - Reading 'PSF' model from './CDP/MIRI_FM_MIRIFUSHORT_2LONG_PSF_07.02.00.fits'
